Started GET "/" for ::1 at 2018-01-03 22:51:27 +0300
Processing by Rails::WelcomeController#index as HTML
  Rendering /Users/mahmoud/.rvm/gems/ruby-2.3.3/gems/railties-5.1.4/lib/rails/templates/rails/welcome/index.html.erb
  Rendered /Users/mahmoud/.rvm/gems/ruby-2.3.3/gems/railties-5.1.4/lib/rails/templates/rails/welcome/index.html.erb (4.8ms)
Completed 200 OK in 198ms (Views: 10.1ms)


Started GET "/pages/about" for ::1 at 2018-01-03 23:04:06 +0300
Processing by PagesController#show as HTML
  Parameters: {"page"=>"about"}
  Rendering pages/about.html.erb within layouts/application
  Rendered pages/about.html.erb within layouts/application (0.6ms)
Completed 200 OK in 292ms (Views: 290.8ms)


Started GET "/" for ::1 at 2018-01-03 23:05:02 +0300
Processing by PagesController#show as HTML
  Parameters: {"page"=>"home"}
  Rendering pages/home.html.erb within layouts/application
  Rendered pages/home.html.erb within layouts/application (0.6ms)
Completed 200 OK in 16ms (Views: 13.8ms)


Started GET "/about" for ::1 at 2018-01-03 23:05:59 +0300
  
ActionController::RoutingError (No route matches [GET] "/about"):
  
actionpack (5.1.4) lib/action_dispatch/middleware/debug_exceptions.rb:63:in `call'
web-console (3.5.1) lib/web_console/middleware.rb:135:in `call_app'
web-console (3.5.1) lib/web_console/middleware.rb:28:in `block in call'
web-console (3.5.1) lib/web_console/middleware.rb:18:in `catch'
web-console (3.5.1) lib/web_console/middleware.rb:18:in `call'
actionpack (5.1.4) lib/action_dispatch/middleware/show_exceptions.rb:31:in `call'
railties (5.1.4) lib/rails/rack/logger.rb:36:in `call_app'
railties (5.1.4) lib/rails/rack/logger.rb:24:in `block in call'
activesupport (5.1.4) lib/active_support/tagged_logging.rb:69:in `block in tagged'
activesupport (5.1.4) lib/active_support/tagged_logging.rb:26:in `tagged'
activesupport (5.1.4) lib/active_support/tagged_logging.rb:69:in `tagged'
railties (5.1.4) lib/rails/rack/logger.rb:24:in `call'
sprockets-rails (3.2.1) lib/sprockets/rails/quiet_assets.rb:13:in `call'
actionpack (5.1.4) lib/action_dispatch/middleware/remote_ip.rb:79:in `call'
actionpack (5.1.4) lib/action_dispatch/middleware/request_id.rb:25:in `call'
rack (2.0.3) lib/rack/method_override.rb:22:in `call'
rack (2.0.3) lib/rack/runtime.rb:22:in `call'
activesupport (5.1.4) lib/active_support/cache/strategy/local_cache_middleware.rb:27:in `call'
actionpack (5.1.4) lib/action_dispatch/middleware/executor.rb:12:in `call'
actionpack (5.1.4) lib/action_dispatch/middleware/static.rb:125:in `call'
rack (2.0.3) lib/rack/sendfile.rb:111:in `call'
railties (5.1.4) lib/rails/engine.rb:522:in `call'
puma (3.11.0) lib/puma/configuration.rb:225:in `call'
puma (3.11.0) lib/puma/server.rb:624:in `handle_request'
puma (3.11.0) lib/puma/server.rb:438:in `process_client'
puma (3.11.0) lib/puma/server.rb:302:in `block in run'
puma (3.11.0) lib/puma/thread_pool.rb:120:in `block in spawn_thread'
Started GET "/pages/about" for ::1 at 2018-01-03 23:07:04 +0300
Processing by PagesController#show as HTML
  Parameters: {"page"=>"about"}
  Rendering pages/about.html.erb within layouts/application
  Rendered pages/about.html.erb within layouts/application (0.4ms)
Completed 200 OK in 19ms (Views: 16.6ms)


Started GET "/pages/about" for ::1 at 2018-01-03 23:08:10 +0300
Processing by PagesController#show as HTML
  Parameters: {"page"=>"pages/about"}
Completed 500 Internal Server Error in 2ms


  
ActionView::MissingTemplate (Missing template pages/pages/about with {:locale=>[:en], :formats=>[:html], :variants=>[], :handlers=>[:raw, :erb, :html, :builder, :ruby, :jbuilder]}. Searched in:
  * "/Users/mahmoud/Projects/elmahdim/RoR/stapp/app/views"
):
  
app/controllers/pages_controller.rb:3:in `show'
Started GET "/about" for ::1 at 2018-01-03 23:08:12 +0300
Processing by PagesController#show as HTML
  Parameters: {"page"=>"about"}
  Rendering pages/about.html.erb within layouts/application
  Rendered pages/about.html.erb within layouts/application (0.3ms)
Completed 200 OK in 28ms (Views: 27.1ms)


Started GET "/about" for ::1 at 2018-01-03 23:08:23 +0300
Processing by PagesController#show as HTML
  Parameters: {"page"=>"about"}
  Rendering pages/about.html.erb within layouts/application
  Rendered pages/about.html.erb within layouts/application (0.6ms)
Completed 200 OK in 17ms (Views: 16.7ms)


Started GET "/about" for ::1 at 2018-01-03 23:08:29 +0300
Processing by PagesController#show as HTML
  Parameters: {"page"=>"about"}
  Rendering pages/about.html.erb within layouts/application
  Rendered pages/about.html.erb within layouts/application (0.3ms)
Completed 200 OK in 13ms (Views: 12.8ms)


Started GET "/services" for ::1 at 2018-01-03 23:09:37 +0300
Processing by PagesController#show as HTML
  Parameters: {"page"=>"services"}
  Rendering pages/services.html.erb within layouts/application
  Rendered pages/services.html.erb within layouts/application (0.4ms)
Completed 200 OK in 16ms (Views: 15.7ms)


Started GET "/services" for ::1 at 2018-01-03 23:10:15 +0300
Processing by PagesController#show as HTML
  Parameters: {"page"=>"services"}
  Rendering pages/services.html.erb within layouts/application
  Rendered pages/services.html.erb within layouts/application (3.1ms)
Completed 500 Internal Server Error in 10ms


  
ActionView::Template::Error (undefined method `page' for #<ActionController::Parameters:0x007fcf4c4894c8>):
    1: <h1><%= params.page %></h1>
  
app/views/pages/services.html.erb:1:in `_app_views_pages_services_html_erb__144926737173732139_70264155970780'
app/controllers/pages_controller.rb:3:in `show'
Started GET "/services" for ::1 at 2018-01-03 23:10:19 +0300
Processing by PagesController#show as HTML
  Parameters: {"page"=>"services"}
  Rendering pages/services.html.erb within layouts/application
  Rendered pages/services.html.erb within layouts/application (0.4ms)
Completed 200 OK in 18ms (Views: 17.1ms)


Started GET "/services" for ::1 at 2018-01-03 23:10:31 +0300
Processing by PagesController#show as HTML
  Parameters: {"page"=>"services"}
  Rendering pages/services.html.erb within layouts/application
  Rendered pages/services.html.erb within layouts/application (4.3ms)
Completed 500 Internal Server Error in 9ms


  
ActionView::Template::Error (undefined method `page' for #<ActionController::Parameters:0x007fcf4621d190>):
    1: <h1><%= params.page %></h1>
  
app/views/pages/services.html.erb:1:in `_app_views_pages_services_html_erb__144926737173732139_70264105773140'
app/controllers/pages_controller.rb:3:in `show'
Started GET "/services" for ::1 at 2018-01-03 23:10:35 +0300
Processing by PagesController#show as HTML
  Parameters: {"page"=>"services"}
  Rendering pages/services.html.erb within layouts/application
  Rendered pages/services.html.erb within layouts/application (3.2ms)
Completed 500 Internal Server Error in 9ms


  
ActionView::Template::Error (undefined method `page' for #<String:0x007fcf4c2b0ca0>):
    1: <h1><%= params.inspect.page %></h1>
  
app/views/pages/services.html.erb:1:in `_app_views_pages_services_html_erb__144926737173732139_70264141944180'
app/controllers/pages_controller.rb:3:in `show'
Started GET "/services" for ::1 at 2018-01-03 23:10:40 +0300
Processing by PagesController#show as HTML
  Parameters: {"page"=>"services"}
  Rendering pages/services.html.erb within layouts/application
  Rendered pages/services.html.erb within layouts/application (0.6ms)
Completed 200 OK in 17ms (Views: 16.3ms)


Started GET "/services" for ::1 at 2018-01-03 23:11:10 +0300
Processing by PagesController#show as HTML
  Parameters: {"page"=>"services"}
  Rendering pages/services.html.erb within layouts/application
  Rendered pages/services.html.erb within layouts/application (0.4ms)
Completed 200 OK in 15ms (Views: 15.0ms)


Started GET "/services" for ::1 at 2018-01-03 23:11:32 +0300
Processing by PagesController#show as HTML
  Parameters: {"page"=>"services"}
  Rendering pages/services.html.erb within layouts/application
  Rendered pages/services.html.erb within layouts/application (0.3ms)
Completed 200 OK in 10ms (Views: 9.9ms)


Started GET "/services" for ::1 at 2018-01-03 23:12:05 +0300
Processing by PagesController#show as HTML
  Parameters: {"page"=>"services"}
  Rendering pages/services.html.erb within layouts/application
  Rendered pages/services.html.erb within layouts/application (0.4ms)
Completed 200 OK in 22ms (Views: 21.9ms)


Started GET "/" for ::1 at 2018-01-03 23:12:08 +0300
Processing by PagesController#show as HTML
  Parameters: {"page"=>"home"}
  Rendering pages/home.html.erb within layouts/application
  Rendered pages/home.html.erb within layouts/application (0.4ms)
Completed 200 OK in 16ms (Views: 15.3ms)


Started GET "/" for ::1 at 2018-01-03 23:13:54 +0300
Processing by PagesController#show as HTML
  Parameters: {"page"=>"home"}
  Rendering pages/home.html.erb within layouts/application
  Rendered pages/home.html.erb within layouts/application (0.3ms)
Completed 200 OK in 13ms (Views: 12.1ms)


Started GET "/" for ::1 at 2018-01-03 23:16:58 +0300
Processing by PagesController#show as HTML
  Parameters: {"page"=>"home"}
  Rendering pages/home.html.erb within layouts/application
  Rendered pages/home.html.erb within layouts/application (0.4ms)
Completed 200 OK in 18ms (Views: 17.6ms)


Started GET "/about" for ::1 at 2018-01-03 23:17:00 +0300
Processing by PagesController#show as HTML
  Parameters: {"page"=>"about"}
  Rendering pages/about.html.erb within layouts/application
  Rendered pages/about.html.erb within layouts/application (0.6ms)
Completed 200 OK in 20ms (Views: 19.8ms)


Started GET "/services" for ::1 at 2018-01-03 23:17:01 +0300
Processing by PagesController#show as HTML
  Parameters: {"page"=>"services"}
  Rendering pages/services.html.erb within layouts/application
  Rendered pages/services.html.erb within layouts/application (0.6ms)
Completed 200 OK in 19ms (Views: 18.2ms)


Started GET "/contacts" for ::1 at 2018-01-03 23:17:01 +0300
Processing by PagesController#show as HTML
  Parameters: {"page"=>"contacts"}
  Rendering pages/contacts.html.erb within layouts/application
  Rendered pages/contacts.html.erb within layouts/application (0.5ms)
Completed 200 OK in 29ms (Views: 28.4ms)


Started GET "/" for ::1 at 2018-01-03 23:17:03 +0300
Processing by PagesController#show as HTML
  Parameters: {"page"=>"home"}
  Rendering pages/home.html.erb within layouts/application
  Rendered pages/home.html.erb within layouts/application (0.5ms)
Completed 200 OK in 24ms (Views: 23.2ms)


Started GET "/contacts" for ::1 at 2018-01-03 23:17:04 +0300
Processing by PagesController#show as HTML
  Parameters: {"page"=>"contacts"}
  Rendering pages/contacts.html.erb within layouts/application
  Rendered pages/contacts.html.erb within layouts/application (0.6ms)
Completed 200 OK in 22ms (Views: 20.7ms)


Started GET "/contacts" for ::1 at 2018-01-03 23:17:06 +0300
Processing by PagesController#show as HTML
  Parameters: {"page"=>"contacts"}
  Rendering pages/contacts.html.erb within layouts/application
  Rendered pages/contacts.html.erb within layouts/application (0.4ms)
Completed 200 OK in 16ms (Views: 15.8ms)


Started GET "/contacts" for ::1 at 2018-01-03 23:17:21 +0300
Processing by PagesController#show as HTML
  Parameters: {"page"=>"contacts"}
  Rendering pages/contacts.html.erb within layouts/application
  Rendered pages/contacts.html.erb within layouts/application (0.8ms)
Completed 200 OK in 15ms (Views: 14.5ms)


Started GET "/contacts" for ::1 at 2018-01-03 23:17:22 +0300
Processing by PagesController#show as HTML
  Parameters: {"page"=>"contacts"}
  Rendering pages/contacts.html.erb within layouts/application
  Rendered pages/contacts.html.erb within layouts/application (0.5ms)
Completed 200 OK in 25ms (Views: 24.1ms)


Started GET "/services" for ::1 at 2018-01-03 23:17:23 +0300
Processing by PagesController#show as HTML
  Parameters: {"page"=>"services"}
  Rendering pages/services.html.erb within layouts/application
  Rendered pages/services.html.erb within layouts/application (0.7ms)
Completed 200 OK in 23ms (Views: 22.2ms)


Started GET "/about" for ::1 at 2018-01-03 23:17:23 +0300
Processing by PagesController#show as HTML
  Parameters: {"page"=>"about"}
  Rendering pages/about.html.erb within layouts/application
  Rendered pages/about.html.erb within layouts/application (1.8ms)
Completed 200 OK in 20ms (Views: 19.4ms)


Started GET "/about" for ::1 at 2018-01-03 23:17:24 +0300
Processing by PagesController#show as HTML
  Parameters: {"page"=>"about"}
  Rendering pages/about.html.erb within layouts/application
  Rendered pages/about.html.erb within layouts/application (0.6ms)
Completed 200 OK in 19ms (Views: 17.9ms)


Started GET "/" for ::1 at 2018-01-03 23:17:25 +0300
Processing by PagesController#show as HTML
  Parameters: {"page"=>"home"}
  Rendering pages/home.html.erb within layouts/application
  Rendered pages/home.html.erb within layouts/application (0.6ms)
Completed 200 OK in 27ms (Views: 25.9ms)


Started GET "/about" for ::1 at 2018-01-03 23:17:25 +0300
Processing by PagesController#show as HTML
  Parameters: {"page"=>"about"}
  Rendering pages/about.html.erb within layouts/application
  Rendered pages/about.html.erb within layouts/application (0.6ms)
Completed 200 OK in 22ms (Views: 21.0ms)


Started GET "/services" for ::1 at 2018-01-03 23:17:26 +0300
Processing by PagesController#show as HTML
  Parameters: {"page"=>"services"}
  Rendering pages/services.html.erb within layouts/application
  Rendered pages/services.html.erb within layouts/application (0.9ms)
Completed 200 OK in 20ms (Views: 19.3ms)


Started GET "/contacts" for ::1 at 2018-01-03 23:17:26 +0300
Processing by PagesController#show as HTML
  Parameters: {"page"=>"contacts"}
  Rendering pages/contacts.html.erb within layouts/application
  Rendered pages/contacts.html.erb within layouts/application (0.6ms)
Completed 200 OK in 22ms (Views: 21.0ms)


Started GET "/services" for ::1 at 2018-01-03 23:17:29 +0300
Processing by PagesController#show as HTML
  Parameters: {"page"=>"services"}
  Rendering pages/services.html.erb within layouts/application
  Rendered pages/services.html.erb within layouts/application (0.6ms)
Completed 200 OK in 22ms (Views: 21.0ms)


Started GET "/about" for ::1 at 2018-01-03 23:17:29 +0300
Processing by PagesController#show as HTML
  Parameters: {"page"=>"about"}
  Rendering pages/about.html.erb within layouts/application
  Rendered pages/about.html.erb within layouts/application (0.6ms)
Completed 200 OK in 22ms (Views: 21.2ms)


Started GET "/" for ::1 at 2018-01-03 23:17:30 +0300
Processing by PagesController#show as HTML
  Parameters: {"page"=>"home"}
  Rendering pages/home.html.erb within layouts/application
  Rendered pages/home.html.erb within layouts/application (0.5ms)
Completed 200 OK in 22ms (Views: 20.9ms)


Started GET "/" for ::1 at 2018-01-03 23:18:58 +0300
Processing by PagesController#show as HTML
  Parameters: {"page"=>"home"}
  Rendering pages/home.html.erb within layouts/application
  Rendered pages/home.html.erb within layouts/application (0.4ms)
Completed 200 OK in 13ms (Views: 12.7ms)


Started GET "/" for ::1 at 2018-01-03 23:19:57 +0300
Processing by PagesController#show as HTML
  Parameters: {"page"=>"home"}
  Rendering pages/home.html.erb within layouts/application
  Rendered pages/home.html.erb within layouts/application (2.0ms)
Completed 200 OK in 28ms (Views: 27.2ms)


Started GET "/" for ::1 at 2018-01-03 23:20:01 +0300
Processing by PagesController#show as HTML
  Parameters: {"page"=>"home"}
  Rendering pages/home.html.erb within layouts/application
  Rendered pages/home.html.erb within layouts/application (0.8ms)
Completed 200 OK in 22ms (Views: 21.0ms)


Started GET "/" for ::1 at 2018-01-03 23:25:57 +0300
Processing by PagesController#show as HTML
  Parameters: {"page"=>"home"}
  Rendering pages/home.html.erb within layouts/application
  Rendered pages/home.html.erb within layouts/application (0.5ms)
Completed 200 OK in 24ms (Views: 23.0ms)


Started GET "/" for ::1 at 2018-01-03 23:29:32 +0300
Processing by PagesController#show as HTML
  Parameters: {"page"=>"home"}
  Rendering pages/home.html.erb within layouts/application
  Rendered pages/home.html.erb within layouts/application (0.4ms)
Completed 200 OK in 91ms (Views: 90.1ms)


Started GET "/" for ::1 at 2018-01-03 23:29:46 +0300
Processing by PagesController#show as HTML
  Parameters: {"page"=>"home"}
  Rendering pages/home.html.erb within layouts/application
  Rendered pages/home.html.erb within layouts/application (0.4ms)
Completed 200 OK in 28ms (Views: 27.6ms)


Started GET "/about" for ::1 at 2018-01-03 23:29:48 +0300
Processing by PagesController#show as HTML
  Parameters: {"page"=>"about"}
  Rendering pages/about.html.erb within layouts/application
  Rendered pages/about.html.erb within layouts/application (0.7ms)
Completed 200 OK in 47ms (Views: 46.4ms)


Started GET "/services" for ::1 at 2018-01-03 23:29:49 +0300
Processing by PagesController#show as HTML
  Parameters: {"page"=>"services"}
  Rendering pages/services.html.erb within layouts/application
  Rendered pages/services.html.erb within layouts/application (0.6ms)
Completed 200 OK in 31ms (Views: 30.1ms)


Started GET "/contacts" for ::1 at 2018-01-03 23:29:49 +0300
Processing by PagesController#show as HTML
  Parameters: {"page"=>"contacts"}
  Rendering pages/contacts.html.erb within layouts/application
  Rendered pages/contacts.html.erb within layouts/application (0.6ms)
Completed 200 OK in 29ms (Views: 28.8ms)


Started GET "/services" for ::1 at 2018-01-03 23:29:50 +0300
Processing by PagesController#show as HTML
  Parameters: {"page"=>"services"}
  Rendering pages/services.html.erb within layouts/application
  Rendered pages/services.html.erb within layouts/application (0.7ms)
Completed 200 OK in 44ms (Views: 43.4ms)


Started GET "/about" for ::1 at 2018-01-03 23:29:50 +0300
Processing by PagesController#show as HTML
  Parameters: {"page"=>"about"}
  Rendering pages/about.html.erb within layouts/application
  Rendered pages/about.html.erb within layouts/application (0.6ms)
Completed 200 OK in 44ms (Views: 43.4ms)


Started GET "/" for ::1 at 2018-01-03 23:29:51 +0300
Processing by PagesController#show as HTML
  Parameters: {"page"=>"home"}
  Rendering pages/home.html.erb within layouts/application
  Rendered pages/home.html.erb within layouts/application (0.6ms)
Completed 200 OK in 36ms (Views: 35.7ms)


Started GET "/" for ::1 at 2018-01-03 23:30:22 +0300
Processing by PagesController#show as HTML
  Parameters: {"page"=>"home"}
  Rendering pages/home.html.erb within layouts/application
  Rendered pages/home.html.erb within layouts/application (0.6ms)
Completed 200 OK in 32ms (Views: 31.3ms)


Started GET "/" for ::1 at 2018-01-03 23:32:14 +0300
Processing by PagesController#show as HTML
  Parameters: {"page"=>"home"}
  Rendering pages/home.html.erb within layouts/application
  Rendered pages/home.html.erb within layouts/application (0.4ms)
Completed 200 OK in 29ms (Views: 28.7ms)


Started GET "/" for ::1 at 2018-01-03 23:32:40 +0300
Processing by PagesController#show as HTML
  Parameters: {"page"=>"home"}
  Rendering pages/home.html.erb within layouts/application
  Rendered pages/home.html.erb within layouts/application (0.4ms)
Completed 200 OK in 27ms (Views: 26.4ms)


Started GET "/about" for ::1 at 2018-01-03 23:32:43 +0300
Processing by PagesController#show as HTML
  Parameters: {"page"=>"about"}
  Rendering pages/about.html.erb within layouts/application
  Rendered pages/about.html.erb within layouts/application (0.6ms)
Completed 200 OK in 32ms (Views: 31.6ms)


Started GET "/services" for ::1 at 2018-01-03 23:32:43 +0300
Processing by PagesController#show as HTML
  Parameters: {"page"=>"services"}
  Rendering pages/services.html.erb within layouts/application
  Rendered pages/services.html.erb within layouts/application (0.8ms)
Completed 200 OK in 36ms (Views: 34.2ms)


Started GET "/contacts" for ::1 at 2018-01-03 23:32:44 +0300
Processing by PagesController#show as HTML
  Parameters: {"page"=>"contacts"}
  Rendering pages/contacts.html.erb within layouts/application
  Rendered pages/contacts.html.erb within layouts/application (0.7ms)
Completed 200 OK in 39ms (Views: 38.6ms)


Started GET "/" for ::1 at 2018-01-03 23:32:45 +0300
Processing by PagesController#show as HTML
  Parameters: {"page"=>"home"}
  Rendering pages/home.html.erb within layouts/application
  Rendered pages/home.html.erb within layouts/application (0.8ms)
Completed 200 OK in 39ms (Views: 37.9ms)


